Successfully read 910 TChannels from [1;36m/home/emile/postdoc/data/s2232/sorted/analysis/analysis28227_000.root[m
Looped over 1/1 files and got:
Singleton 0x61ee143ff340 was read from /home/emile/postdoc/data/s2232/sorted/analysis/analysis28227_000.root
Title: RCMP_Mylar_Test_Triple_Alpha_Source_single_sided-R00868(Mylar off source only)
Comment: RCMP_Mylar_Test_Triple_Alpha_Source_single_sided-R00868(Mylar off source only)
		RunNumber:          28227
		SubRunNumber:       000
		RunStart:           Tue Jul  9 11:36:41 2024
		RunStop:            Tue Jul  9 11:59:21 2024
		RunLength:          1360 s
ODB cycle: 0 s
Code   Duration
0xc0f0 -1
0x0000 0
0x0000 0
0x0000 0
[0;36m----------  starting compilation of user code  ----------[m
[0;36m----------  starting linking user code  -----------------[m
[0;36m----------  done compiling user code  -------------------[m
	Using library /home/emile/postdoc/analysis/s2232/helper/rcmp/RCMPHelper.so
No g-values!
Writing to RCMP28227_000.root
Writing PPG with 1 events and 4 ODB settings
Writing TAnalysisOptions to RCMP28227_000.root
  910 TChannels saved to RCMP28227_000.root
Closed 'RCMP28227_000.root'

Done after 0:00:5.985 h:m:s
