Successfully read 910 TChannels from [1;36m/home/emile/postdoc/data/s2232/sorted/analysis28226_000.root[m
Reading from file "[1;36m/home/emile/postdoc/data/s2232/sorted/analysis28226_001.root[m": adding TRunInfo 
Successfully read 910 TChannels from [1;36m/home/emile/postdoc/data/s2232/sorted/analysis28226_001.root[m
Reading from file "[1;36m/home/emile/postdoc/data/s2232/sorted/analysis28226_002.root[m": adding TRunInfo 
Successfully read 910 TChannels from [1;36m/home/emile/postdoc/data/s2232/sorted/analysis28226_002.root[m
Reading from file "[1;36m/home/emile/postdoc/data/s2232/sorted/analysis28226_003.root[m": adding TRunInfo 
Successfully read 910 TChannels from [1;36m/home/emile/postdoc/data/s2232/sorted/analysis28226_003.root[m
Reading from file "[1;36m/home/emile/postdoc/data/s2232/sorted/analysis28226_004.root[m": adding TRunInfo 
Successfully read 910 TChannels from [1;36m/home/emile/postdoc/data/s2232/sorted/analysis28226_004.root[m
Reading from file "[1;36m/home/emile/postdoc/data/s2232/sorted/analysis28226_005.root[m": adding TRunInfo 
Successfully read 910 TChannels from [1;36m/home/emile/postdoc/data/s2232/sorted/analysis28226_005.root[m
Reading from file "[1;36m/home/emile/postdoc/data/s2232/sorted/analysis28226_006.root[m": adding TRunInfo 
Successfully read 910 TChannels from [1;36m/home/emile/postdoc/data/s2232/sorted/analysis28226_006.root[m
Reading from file "[1;36m/home/emile/postdoc/data/s2232/sorted/analysis28226_007.root[m": adding TRunInfo 
Successfully read 910 TChannels from [1;36m/home/emile/postdoc/data/s2232/sorted/analysis28226_007.root[m
Reading from file "[1;36m/home/emile/postdoc/data/s2232/sorted/analysis28226_008.root[m": adding TRunInfo 
Successfully read 910 TChannels from [1;36m/home/emile/postdoc/data/s2232/sorted/analysis28226_008.root[m
Reading from file "[1;36m/home/emile/postdoc/data/s2232/sorted/analysis28226_009.root[m": adding TRunInfo 
Successfully read 910 TChannels from [1;36m/home/emile/postdoc/data/s2232/sorted/analysis28226_009.root[m
Reading from file "[1;36m/home/emile/postdoc/data/s2232/sorted/analysis28226_010.root[m": adding TRunInfo 
Successfully read 910 TChannels from [1;36m/home/emile/postdoc/data/s2232/sorted/analysis28226_010.root[m
Reading from file "[1;36m/home/emile/postdoc/data/s2232/sorted/analysis28226_011.root[m": adding TRunInfo 
Successfully read 910 TChannels from [1;36m/home/emile/postdoc/data/s2232/sorted/analysis28226_011.root[m
Reading from file "[1;36m/home/emile/postdoc/data/s2232/sorted/analysis28226_012.root[m": adding TRunInfo 
Successfully read 910 TChannels from [1;36m/home/emile/postdoc/data/s2232/sorted/analysis28226_012.root[m
Reading from file "[1;36m/home/emile/postdoc/data/s2232/sorted/analysis28226_013.root[m": adding TRunInfo 
Successfully read 910 TChannels from [1;36m/home/emile/postdoc/data/s2232/sorted/analysis28226_013.root[m
Reading from file "[1;36m/home/emile/postdoc/data/s2232/sorted/analysis28226_014.root[m": adding TRunInfo 
Successfully read 910 TChannels from [1;36m/home/emile/postdoc/data/s2232/sorted/analysis28226_014.root[m
Looped over 15/15 files and got:
Singleton 0x6368e865a3d0 was read from /home/emile/postdoc/data/s2232/sorted/analysis28226_014.root
Title: RCMP_GRIFFIN_Calibration_Triple_Alpha_Source-R00968
Comment: RCMP_GRIFFIN_Calibration_Triple_Alpha_Source-R00968
		RunNumber:          28226
		SubRunNumbers:      000-014
		RunStart:           Mon Jul  8 18:19:27 2024
		RunStop:            Tue Jul  9 08:19:27 2024
		RunLength:          50398 s
ODB cycle: 0 s
Code   Duration
0xc0f0 -1
0x0000 0
0x0000 0
0x0000 0
[0;36mshared library /home/emile/postdoc/analysis/s2232/macros/rcmp/RCMPHelper.so exists and is newer than /home/emile/postdoc/analysis/s2232/macros/rcmp/RCMPHelper.cxx, /home/emile/postdoc/analysis/s2232/macros/rcmp/RCMPHelper.hh, and $GRSISYS/lib/libTGRSIFrame.so[m
	Using library /home/emile/postdoc/analysis/s2232/macros/rcmp/RCMPHelper.so
No g-values!
Writing to RCMP28226_000-014.root
Writing PPG with 12 events and 4 ODB settings
Writing TAnalysisOptions to RCMP28226_000-014.root
  910 TChannels saved to RCMP28226_000-014.root
Closed 'RCMP28226_000-014.root'

Done after 0:01:16.672 h:m:s
