Successfully read 910 TChannels from [1;36m/home/emile/postdoc/data/s2232/sorted/analysis28185_000.root[m
Looped over 1/1 files and got:
Singleton 0x60a918aecbe0 was read from /home/emile/postdoc/data/s2232/sorted/analysis28185_000.root
Title: RCMP triple alpha
Comment: RCS01N and RCS04P off
		RunNumber:          28185
		SubRunNumber:       000
		RunStart:           Wed Jul  3 15:28:16 2024
		RunStop:            Wed Jul  3 16:28:16 2024
		RunLength:          3600 s
ODB cycle: 0 s
Code   Duration
0xc0f0 -1
0x0000 0
0x0000 0
0x0000 0
[0;36mshared library /home/emile/postdoc/analysis/s2232/macros/rcmp/RCMPHelper.so exists and is newer than /home/emile/postdoc/analysis/s2232/macros/rcmp/RCMPHelper.cxx, /home/emile/postdoc/analysis/s2232/macros/rcmp/RCMPHelper.hh, and $GRSISYS/lib/libTGRSIFrame.so[m
	Using library /home/emile/postdoc/analysis/s2232/macros/rcmp/RCMPHelper.so
No g-values!
Writing to RCMP28185_000.root
ons to RCMP28185_000.root
  910 TChannels saved to RCMP28185_000.root
Closed 'RCMP28185_000.root'

Done after 0:00:10.316 h:m:s
Writing PPG with 1 events and 4 ODB settings
Writing TAnalysisOptions to RCMP28185_000.root
  910 TChannels saved to RCMP28185_000.root
Closed 'RCMP28185_000.root'

Done after 0:00:4.154 h:m:s
Writing PPG with 1 events and 4 ODB settings
Writing TAnalysisOptions to RCMP28185_000.root
  910 TChannels saved to RCMP28185_000.root
Closed 'RCMP28185_000.root'

Done after 0:00:4.135 h:m:s
Writing PPG with 1 events and 4 ODB settings
Writing TAnalysisOptions to RCMP28185_000.root
  910 TChannels saved to RCMP28185_000.root
Closed 'RCMP28185_000.root'

Done after 0:00:4.122 h:m:s
Writing PPG with 1 events and 4 ODB settings
Writing TAnalysisOptions to RCMP28185_000.root
  910 TChannels saved to RCMP28185_000.root
Closed 'RCMP28185_000.root'

Done after 0:00:4.124 h:m:s
Writing PPG with 1 events and 4 ODB settings
Writing TAnalysisOptions to RCMP28185_000.root
  910 TChannels saved to RCMP28185_000.root
Closed 'RCMP28185_000.root'

Done after 0:00:6.718 h:m:s
Writing PPG with 1 events and 4 ODB settings
Writing TAnalysisOptions to RCMP28185_000.root
  910 TChannels saved to RCMP28185_000.root
Closed 'RCMP28185_000.root'

Done after 0:00:4.099 h:m:s
Writing PPG with 1 events and 4 ODB settings
Writing TAnalysisOptions to RCMP28185_000.root
  910 TChannels saved to RCMP28185_000.root
Closed 'RCMP28185_000.root'

Done after 0:00:4.122 h:m:s
Writing PPG with 1 events and 4 ODB settings
Writing TAnalysisOptions to RCMP28185_000.root
  910 TChannels saved to RCMP28185_000.root
Closed 'RCMP28185_000.root'

Done after 0:00:4.076 h:m:s
Writing PPG with 1 events and 4 ODB settings
Writing TAnalysisOptions to RCMP28185_000.root
  910 TChannels saved to RCMP28185_000.root
Closed 'RCMP28185_000.root'

Done after 0:00:6.702 h:m:s
Writing PPG with 1 events and 4 ODB settings
Writing TAnalysisOptions to RCMP28185_000.root
  910 TChannels saved to RCMP28185_000.root
Closed 'RCMP28185_000.root'

Done after 0:00:4.145 h:m:s
